<?xml version="1.0" encoding="utf-8"?>
<coverage line-rate="0.9786" branch-rate="0.89" version="1.9" timestamp="1775235303" lines-covered="734" lines-valid="750" branches-covered="267" branches-valid="300">
  <sources>
    <source>/home/thomas/Documents/source/MailGrabber/</source>
  </sources>
  <packages>
    <package name="MailGrabber" line-rate="0.9786" branch-rate="0.89" complexity="327">
      <classes>
        <class name="MailGrabber.ViewModels.ClusterBucketViewModel" filename="ViewModels/MainWindowViewModel.cs" line-rate="1" branch-rate="1" complexity="2">
          <methods>
            <method name="get_Summary" signature="()" line-rate="1" branch-rate="1" complexity="1">
              <lines>
                <line number="638" hits="1" branch="False" />
              </lines>
            </method>
            <method name=".ctor" signature="(MailGrabber.Models.ClusterBucket)" line-rate="1" branch-rate="1" complexity="1">
              <lines>
                <line number="615" hits="8" branch="False" />
                <line number="627" hits="8" branch="False" />
                <line number="629" hits="8" branch="False" />
                <line number="630" hits="8" branch="False" />
                <line number="631" hits="8" branch="False" />
                <line number="632" hits="8" branch="False" />
                <line number="633" hits="8" branch="False" />
                <line number="634" hits="8" branch="False" />
                <line number="635" hits="16" branch="False" />
                <line number="636" hits="8" branch="False" />
              </lines>
            </method>
          </methods>
          <lines>
            <line number="638" hits="1" branch="False" />
            <line number="615" hits="8" branch="False" />
            <line number="627" hits="8" branch="False" />
            <line number="629" hits="8" branch="False" />
            <line number="630" hits="8" branch="False" />
            <line number="631" hits="8" branch="False" />
            <line number="632" hits="8" branch="False" />
            <line number="633" hits="8" branch="False" />
            <line number="634" hits="8" branch="False" />
            <line number="635" hits="16" branch="False" />
            <line number="636" hits="8" branch="False" />
          </lines>
        </class>
        <class name="MailGrabber.ViewModels.SelectableClusterViewModel" filename="ViewModels/MainWindowViewModel.cs" line-rate="1" branch-rate="0.5" complexity="4">
          <methods>
            <method name="get_DisplayText" signature="()" line-rate="1" branch-rate="1" complexity="1">
              <lines>
                <line number="670" hits="1" branch="False" />
              </lines>
            </method>
            <method name="OnIsSelectedChanged" signature="(System.Boolean)" line-rate="1" branch-rate="0.5" complexity="2">
              <lines>
                <line number="666" hits="1" branch="False" />
                <line number="667" hits="1" branch="True" condition-coverage="50% (1/2)">
                  <conditions>
                    <condition number="8" type="jump" coverage="50%" />
                  </conditions>
                </line>
                <line number="668" hits="1" branch="False" />
              </lines>
            </method>
            <method name=".ctor" signature="(MailGrabber.Models.ClusterBucket,System.Action)" line-rate="1" branch-rate="1" complexity="1">
              <lines>
                <line number="646" hits="3" branch="False" />
                <line number="657" hits="3" branch="False" />
                <line number="658" hits="3" branch="False" />
                <line number="659" hits="3" branch="False" />
                <line number="660" hits="3" branch="False" />
                <line number="661" hits="3" branch="False" />
                <line number="662" hits="3" branch="False" />
                <line number="663" hits="3" branch="False" />
              </lines>
            </method>
          </methods>
          <lines>
            <line number="670" hits="1" branch="False" />
            <line number="666" hits="1" branch="False" />
            <line number="667" hits="1" branch="True" condition-coverage="50% (1/2)">
              <conditions>
                <condition number="8" type="jump" coverage="50%" />
              </conditions>
            </line>
            <line number="668" hits="1" branch="False" />
            <line number="646" hits="3" branch="False" />
            <line number="657" hits="3" branch="False" />
            <line number="658" hits="3" branch="False" />
            <line number="659" hits="3" branch="False" />
            <line number="660" hits="3" branch="False" />
            <line number="661" hits="3" branch="False" />
            <line number="662" hits="3" branch="False" />
            <line number="663" hits="3" branch="False" />
          </lines>
        </class>
        <class name="MailGrabber.ViewModels.SenderRowViewModel" filename="ViewModels/MainWindowViewModel.cs" line-rate="1" branch-rate="0.5" complexity="2">
          <methods>
            <method name=".ctor" signature="(MailGrabber.Models.ClusteredSenderRow)" line-rate="1" branch-rate="0.5" complexity="2">
              <lines>
                <line number="676" hits="9" branch="False" />
                <line number="679" hits="9" branch="False" />
                <line number="682" hits="9" branch="False" />
                <line number="688" hits="9" branch="False" />
                <line number="691" hits="9" branch="False" />
                <line number="694" hits="9" branch="False" />
                <line number="696" hits="9" branch="False" />
                <line number="697" hits="9" branch="False" />
                <line number="698" hits="9" branch="False" />
                <line number="699" hits="9" branch="False" />
                <line number="700" hits="9" branch="False" />
                <line number="701" hits="9" branch="False" />
                <line number="702" hits="9" branch="False" />
                <line number="703" hits="9" branch="False" />
                <line number="704" hits="9" branch="True" condition-coverage="50% (1/2)">
                  <conditions>
                    <condition number="184" type="jump" coverage="50%" />
                  </conditions>
                </line>
                <line number="705" hits="9" branch="False" />
              </lines>
            </method>
          </methods>
          <lines>
            <line number="676" hits="9" branch="False" />
            <line number="679" hits="9" branch="False" />
            <line number="682" hits="9" branch="False" />
            <line number="688" hits="9" branch="False" />
            <line number="691" hits="9" branch="False" />
            <line number="694" hits="9" branch="False" />
            <line number="696" hits="9" branch="False" />
            <line number="697" hits="9" branch="False" />
            <line number="698" hits="9" branch="False" />
            <line number="699" hits="9" branch="False" />
            <line number="700" hits="9" branch="False" />
            <line number="701" hits="9" branch="False" />
            <line number="702" hits="9" branch="False" />
            <line number="703" hits="9" branch="False" />
            <line number="704" hits="9" branch="True" condition-coverage="50% (1/2)">
              <conditions>
                <condition number="184" type="jump" coverage="50%" />
              </conditions>
            </line>
            <line number="705" hits="9" branch="False" />
          </lines>
        </class>
        <class name="MailGrabber.ViewModels.SettingsDialogViewModel" filename="ViewModels/SettingsDialogViewModel.cs" line-rate="1" branch-rate="0.6" complexity="17">
          <methods>
            <method name="get_OkCommand" signature="()" line-rate="1" branch-rate="1" complexity="1">
              <lines>
                <line number="42" hits="1" branch="False" />
              </lines>
            </method>
            <method name="get_CancelCommand" signature="()" line-rate="1" branch-rate="1" complexity="1">
              <lines>
                <line number="44" hits="1" branch="False" />
              </lines>
            </method>
            <method name="get_OnOk" signature="()" line-rate="1" branch-rate="1" complexity="1">
              <lines>
                <line number="46" hits="2" branch="False" />
              </lines>
            </method>
            <method name="get_OnCancel" signature="()" line-rate="1" branch-rate="1" complexity="1">
              <lines>
                <line number="48" hits="2" branch="False" />
              </lines>
            </method>
            <method name="get_BaseSettings" signature="()" line-rate="1" branch-rate="1" complexity="1">
              <lines>
                <line number="51" hits="3" branch="False" />
              </lines>
            </method>
            <method name="SaveToPath" signature="(System.String)" line-rate="1" branch-rate="0.6666" complexity="6">
              <lines>
                <line number="54" hits="1" branch="False" />
                <line number="55" hits="1" branch="True" condition-coverage="50% (2/4)">
                  <conditions>
                    <condition number="7" type="jump" coverage="50%" />
                    <condition number="43" type="jump" coverage="50%" />
                  </conditions>
                </line>
                <line number="56" hits="1" branch="False" />
                <line number="57" hits="1" branch="False" />
                <line number="59" hits="1" branch="False" />
                <line number="60" hits="1" branch="False" />
                <line number="61" hits="1" branch="False" />
                <line number="62" hits="1" branch="False" />
                <line number="63" hits="1" branch="False" />
                <line number="64" hits="1" branch="False" />
                <line number="65" hits="1" branch="False" />
                <line number="67" hits="1" branch="False" />
                <line number="68" hits="1" branch="True" condition-coverage="100% (2/2)">
                  <conditions>
                    <condition number="166" type="jump" coverage="100%" />
                  </conditions>
                </line>
                <line number="69" hits="1" branch="False" />
                <line number="70" hits="1" branch="False" />
                <line number="71" hits="1" branch="False" />
                <line number="73" hits="1" branch="False" />
                <line number="74" hits="1" branch="False" />
              </lines>
            </method>
            <method name="&lt;.ctor&gt;b__9_0" signature="()" line-rate="1" branch-rate="0.5" complexity="2">
              <lines>
                <line number="38" hits="3" branch="True" condition-coverage="50% (1/2)">
                  <conditions>
                    <condition number="7" type="jump" coverage="50%" />
                  </conditions>
                </line>
              </lines>
            </method>
            <method name="&lt;.ctor&gt;b__9_1" signature="()" line-rate="1" branch-rate="0.5" complexity="2">
              <lines>
                <line number="39" hits="3" branch="True" condition-coverage="50% (1/2)">
                  <conditions>
                    <condition number="7" type="jump" coverage="50%" />
                  </conditions>
                </line>
              </lines>
            </method>
            <method name=".ctor" signature="()" line-rate="1" branch-rate="1" complexity="1">
              <lines>
                <line number="11" hits="2" branch="False" />
                <line number="17" hits="2" branch="False" />
                <line number="20" hits="2" branch="False" />
                <line number="23" hits="2" branch="False" />
                <line number="26" hits="2" branch="False" />
                <line number="29" hits="2" branch="False" />
                <line number="32" hits="2" branch="False" />
                <line number="36" hits="2" branch="False" />
                <line number="37" hits="2" branch="False" />
                <line number="40" hits="2" branch="False" />
              </lines>
            </method>
            <method name=".cctor" signature="()" line-rate="1" branch-rate="1" complexity="1">
              <lines>
                <line number="34" hits="1" branch="False" />
              </lines>
            </method>
          </methods>
          <lines>
            <line number="42" hits="1" branch="False" />
            <line number="44" hits="1" branch="False" />
            <line number="46" hits="2" branch="False" />
            <line number="48" hits="2" branch="False" />
            <line number="51" hits="3" branch="False" />
            <line number="54" hits="1" branch="False" />
            <line number="55" hits="1" branch="True" condition-coverage="50% (2/4)">
              <conditions>
                <condition number="7" type="jump" coverage="50%" />
                <condition number="43" type="jump" coverage="50%" />
              </conditions>
            </line>
            <line number="56" hits="1" branch="False" />
            <line number="57" hits="1" branch="False" />
            <line number="59" hits="1" branch="False" />
            <line number="60" hits="1" branch="False" />
            <line number="61" hits="1" branch="False" />
            <line number="62" hits="1" branch="False" />
            <line number="63" hits="1" branch="False" />
            <line number="64" hits="1" branch="False" />
            <line number="65" hits="1" branch="False" />
            <line number="67" hits="1" branch="False" />
            <line number="68" hits="1" branch="True" condition-coverage="100% (2/2)">
              <conditions>
                <condition number="166" type="jump" coverage="100%" />
              </conditions>
            </line>
            <line number="69" hits="1" branch="False" />
            <line number="70" hits="1" branch="False" />
            <line number="71" hits="1" branch="False" />
            <line number="73" hits="1" branch="False" />
            <line number="74" hits="1" branch="False" />
            <line number="38" hits="3" branch="True" condition-coverage="50% (1/2)">
              <conditions>
                <condition number="7" type="jump" coverage="50%" />
              </conditions>
            </line>
            <line number="39" hits="3" branch="True" condition-coverage="50% (1/2)">
              <conditions>
                <condition number="7" type="jump" coverage="50%" />
              </conditions>
            </line>
            <line number="11" hits="2" branch="False" />
            <line number="17" hits="2" branch="False" />
            <line number="20" hits="2" branch="False" />
            <line number="23" hits="2" branch="False" />
            <line number="26" hits="2" branch="False" />
            <line number="29" hits="2" branch="False" />
            <line number="32" hits="2" branch="False" />
            <line number="36" hits="2" branch="False" />
            <line number="37" hits="2" branch="False" />
            <line number="40" hits="2" branch="False" />
            <line number="34" hits="1" branch="False" />
          </lines>
        </class>
        <class name="MailGrabber.Services.ConfigurationLoader" filename="Services/ConfigurationLoader.cs" line-rate="0.9937" branch-rate="0.9879000000000001" complexity="167">
          <methods>
            <method name="Load" signature="(System.String[])" line-rate="1" branch-rate="1" complexity="2">
              <lines>
                <line number="15" hits="9" branch="False" />
                <line number="16" hits="9" branch="False" />
                <line number="17" hits="9" branch="True" condition-coverage="100% (2/2)">
                  <conditions>
                    <condition number="14" type="jump" coverage="100%" />
                  </conditions>
                </line>
                <line number="18" hits="9" branch="False" />
                <line number="19" hits="9" branch="False" />
                <line number="21" hits="9" branch="False" />
                <line number="22" hits="9" branch="False" />
                <line number="24" hits="9" branch="False" />
                <line number="25" hits="9" branch="False" />
              </lines>
            </method>
            <method name="LoadFromFile" signature="(System.String)" line-rate="1" branch-rate="0.5" complexity="2">
              <lines>
                <line number="28" hits="8" branch="False" />
                <line number="29" hits="8" branch="False" />
                <line number="30" hits="8" branch="True" condition-coverage="50% (1/2)">
                  <conditions>
                    <condition number="20" type="jump" coverage="50%" />
                  </conditions>
                </line>
                <line number="31" hits="8" branch="False" />
              </lines>
            </method>
            <method name="ResolveConfigPath" signature="(System.String[])" line-rate="0.9229999999999999" branch-rate="0.8332999999999999" complexity="6">
              <lines>
                <line number="34" hits="9" branch="False" />
                <line number="35" hits="82" branch="True" condition-coverage="100% (2/2)">
                  <conditions>
                    <condition number="49" type="jump" coverage="100%" />
                  </conditions>
                </line>
                <line number="36" hits="38" branch="False" />
                <line number="37" hits="38" branch="True" condition-coverage="100% (2/2)">
                  <conditions>
                    <condition number="21" type="jump" coverage="100%" />
                  </conditions>
                </line>
                <line number="38" hits="6" branch="False" />
                <line number="39" hits="6" branch="False" />
                <line number="41" hits="32" branch="False" />
                <line number="43" hits="3" branch="False" />
                <line number="44" hits="3" branch="True" condition-coverage="50% (1/2)">
                  <conditions>
                    <condition number="77" type="jump" coverage="50%" />
                  </conditions>
                </line>
                <line number="45" hits="3" branch="False" />
                <line number="46" hits="3" branch="False" />
                <line number="49" hits="0" branch="False" />
                <line number="50" hits="9" branch="False" />
              </lines>
            </method>
            <method name="ApplyEnvironmentOverrides" signature="(MailGrabber.Models.AppSettings)" line-rate="1" branch-rate="1" complexity="40">
              <lines>
                <line number="53" hits="9" branch="False" />
                <line number="54" hits="9" branch="True" condition-coverage="100% (2/2)">
                  <conditions>
                    <condition number="22" type="jump" coverage="100%" />
                  </conditions>
                </line>
                <line number="55" hits="1" branch="False" />
                <line number="56" hits="1" branch="False" />
                <line number="57" hits="1" branch="False" />
                <line number="59" hits="9" branch="True" condition-coverage="100% (2/2)">
                  <conditions>
                    <condition number="55" type="jump" coverage="100%" />
                  </conditions>
                </line>
                <line number="60" hits="1" branch="False" />
                <line number="61" hits="1" branch="False" />
                <line number="62" hits="1" branch="False" />
                <line number="64" hits="9" branch="True" condition-coverage="100% (2/2)">
                  <conditions>
                    <condition number="79" type="jump" coverage="100%" />
                  </conditions>
                </line>
                <line number="65" hits="9" branch="True" condition-coverage="100% (2/2)">
                  <conditions>
                    <condition number="106" type="jump" coverage="100%" />
                  </conditions>
                </line>
                <line number="66" hits="9" branch="True" condition-coverage="100% (2/2)">
                  <conditions>
                    <condition number="133" type="jump" coverage="100%" />
                  </conditions>
                </line>
                <line number="67" hits="9" branch="True" condition-coverage="100% (2/2)">
                  <conditions>
                    <condition number="160" type="jump" coverage="100%" />
                  </conditions>
                </line>
                <line number="68" hits="9" branch="True" condition-coverage="100% (2/2)">
                  <conditions>
                    <condition number="187" type="jump" coverage="100%" />
                  </conditions>
                </line>
                <line number="69" hits="9" branch="True" condition-coverage="100% (2/2)">
                  <conditions>
                    <condition number="214" type="jump" coverage="100%" />
                  </conditions>
                </line>
                <line number="70" hits="9" branch="True" condition-coverage="100% (2/2)">
                  <conditions>
                    <condition number="241" type="jump" coverage="100%" />
                  </conditions>
                </line>
                <line number="71" hits="9" branch="True" condition-coverage="100% (2/2)">
                  <conditions>
                    <condition number="268" type="jump" coverage="100%" />
                  </conditions>
                </line>
                <line number="72" hits="9" branch="True" condition-coverage="100% (2/2)">
                  <conditions>
                    <condition number="295" type="jump" coverage="100%" />
                  </conditions>
                </line>
                <line number="73" hits="9" branch="True" condition-coverage="100% (2/2)">
                  <conditions>
                    <condition number="322" type="jump" coverage="100%" />
                  </conditions>
                </line>
                <line number="75" hits="9" branch="True" condition-coverage="100% (2/2)">
                  <conditions>
                    <condition number="358" type="jump" coverage="100%" />
                  </conditions>
                </line>
                <line number="76" hits="1" branch="False" />
                <line number="77" hits="1" branch="False" />
                <line number="78" hits="1" branch="False" />
                <line number="80" hits="9" branch="True" condition-coverage="100% (2/2)">
                  <conditions>
                    <condition number="391" type="jump" coverage="100%" />
                  </conditions>
                </line>
                <line number="81" hits="1" branch="False" />
                <line number="82" hits="1" branch="False" />
                <line number="83" hits="1" branch="False" />
                <line number="85" hits="9" branch="True" condition-coverage="100% (2/2)">
                  <conditions>
                    <condition number="424" type="jump" coverage="100%" />
                  </conditions>
                </line>
                <line number="86" hits="1" branch="False" />
                <line number="87" hits="1" branch="False" />
                <line number="88" hits="1" branch="False" />
                <line number="90" hits="9" branch="True" condition-coverage="100% (2/2)">
                  <conditions>
                    <condition number="449" type="jump" coverage="100%" />
                  </conditions>
                </line>
                <line number="91" hits="9" branch="True" condition-coverage="100% (2/2)">
                  <conditions>
                    <condition number="476" type="jump" coverage="100%" />
                  </conditions>
                </line>
                <line number="93" hits="9" branch="True" condition-coverage="100% (2/2)">
                  <conditions>
                    <condition number="512" type="jump" coverage="100%" />
                  </conditions>
                </line>
                <line number="94" hits="1" branch="False" />
                <line number="95" hits="1" branch="False" />
                <line number="96" hits="1" branch="False" />
                <line number="98" hits="9" branch="True" condition-coverage="100% (2/2)">
                  <conditions>
                    <condition number="546" type="jump" coverage="100%" />
                  </conditions>
                </line>
                <line number="99" hits="1" branch="False" />
                <line number="100" hits="1" branch="False" />
                <line number="101" hits="1" branch="False" />
                <line number="103" hits="9" branch="True" condition-coverage="100% (2/2)">
                  <conditions>
                    <condition number="580" type="jump" coverage="100%" />
                  </conditions>
                </line>
                <line number="104" hits="1" branch="False" />
                <line number="105" hits="1" branch="False" />
                <line number="106" hits="1" branch="False" />
                <line number="107" hits="9" branch="False" />
              </lines>
            </method>
            <method name="ApplyArgumentOverrides" signature="(MailGrabber.Models.AppSettings,System.String[])" line-rate="1" branch-rate="1" complexity="114">
              <lines>
                <line number="110" hits="9" branch="False" />
                <line number="111" hits="86" branch="True" condition-coverage="100% (2/2)">
                  <conditions>
                    <condition number="1389" type="jump" coverage="100%" />
                  </conditions>
                </line>
                <line number="112" hits="34" branch="False" />
                <line number="113" hits="34" branch="False" />
                <line number="114" hits="34" branch="True" condition-coverage="100% (2/2)">
                  <conditions>
                    <condition number="23" type="jump" coverage="100%" />
                  </conditions>
                </line>
                <line number="115" hits="5" branch="False" />
                <line number="116" hits="5" branch="False" />
                <line number="119" hits="29" branch="True" condition-coverage="100% (94/94)">
                  <conditions>
                    <condition number="54" type="jump" coverage="100%" />
                    <condition number="66" type="jump" coverage="100%" />
                    <condition number="75" type="jump" coverage="100%" />
                    <condition number="84" type="jump" coverage="100%" />
                    <condition number="115" type="jump" coverage="100%" />
                    <condition number="129" type="jump" coverage="100%" />
                    <condition number="160" type="jump" coverage="100%" />
                    <condition number="169" type="jump" coverage="100%" />
                    <condition number="200" type="jump" coverage="100%" />
                    <condition number="214" type="jump" coverage="100%" />
                    <condition number="245" type="jump" coverage="100%" />
                    <condition number="254" type="jump" coverage="100%" />
                    <condition number="263" type="jump" coverage="100%" />
                    <condition number="294" type="jump" coverage="100%" />
                    <condition number="305" type="jump" coverage="100%" />
                    <condition number="336" type="jump" coverage="100%" />
                    <condition number="345" type="jump" coverage="100%" />
                    <condition number="376" type="jump" coverage="100%" />
                    <condition number="390" type="jump" coverage="100%" />
                    <condition number="98" type="jump" coverage="100%" />
                    <condition number="404" type="jump" coverage="100%" />
                    <condition number="228" type="jump" coverage="100%" />
                    <condition number="143" type="jump" coverage="100%" />
                    <condition number="359" type="jump" coverage="100%" />
                    <condition number="277" type="jump" coverage="100%" />
                    <condition number="183" type="jump" coverage="100%" />
                    <condition number="319" type="jump" coverage="100%" />
                    <condition number="423" type="jump" coverage="100%" />
                    <condition number="445" type="jump" coverage="100%" />
                    <condition number="467" type="jump" coverage="100%" />
                    <condition number="489" type="jump" coverage="100%" />
                    <condition number="511" type="jump" coverage="100%" />
                    <condition number="533" type="jump" coverage="100%" />
                    <condition number="555" type="jump" coverage="100%" />
                    <condition number="577" type="jump" coverage="100%" />
                    <condition number="599" type="jump" coverage="100%" />
                    <condition number="621" type="jump" coverage="100%" />
                    <condition number="643" type="jump" coverage="100%" />
                    <condition number="665" type="jump" coverage="100%" />
                    <condition number="687" type="jump" coverage="100%" />
                    <condition number="709" type="jump" coverage="100%" />
                    <condition number="731" type="jump" coverage="100%" />
                    <condition number="753" type="jump" coverage="100%" />
                    <condition number="775" type="jump" coverage="100%" />
                    <condition number="797" type="jump" coverage="100%" />
                    <condition number="819" type="jump" coverage="100%" />
                    <condition number="841" type="jump" coverage="100%" />
                  </conditions>
                </line>
                <line number="122" hits="2" branch="False" />
                <line number="123" hits="2" branch="False" />
                <line number="124" hits="2" branch="False" />
                <line number="125" hits="1" branch="True" condition-coverage="100% (2/2)">
                  <conditions>
                    <condition number="884" type="jump" coverage="100%" />
                  </conditions>
                </line>
                <line number="126" hits="1" branch="False" />
                <line number="127" hits="1" branch="False" />
                <line number="128" hits="1" branch="False" />
                <line number="129" hits="2" branch="True" condition-coverage="100% (2/2)">
                  <conditions>
                    <condition number="920" type="jump" coverage="100%" />
                  </conditions>
                </line>
                <line number="130" hits="2" branch="False" />
                <line number="131" hits="2" branch="False" />
                <line number="132" hits="2" branch="False" />
                <line number="134" hits="1" branch="False" />
                <line number="135" hits="1" branch="False" />
                <line number="136" hits="1" branch="False" />
                <line number="138" hits="1" branch="False" />
                <line number="139" hits="1" branch="False" />
                <line number="140" hits="1" branch="False" />
                <line number="142" hits="1" branch="False" />
                <line number="143" hits="1" branch="False" />
                <line number="144" hits="1" branch="False" />
                <line number="146" hits="1" branch="False" />
                <line number="147" hits="1" branch="False" />
                <line number="148" hits="1" branch="False" />
                <line number="150" hits="1" branch="False" />
                <line number="151" hits="1" branch="False" />
                <line number="152" hits="1" branch="False" />
                <line number="154" hits="1" branch="False" />
                <line number="155" hits="1" branch="False" />
                <line number="156" hits="1" branch="False" />
                <line number="158" hits="1" branch="False" />
                <line number="159" hits="1" branch="False" />
                <line number="160" hits="1" branch="False" />
                <line number="162" hits="1" branch="False" />
                <line number="163" hits="1" branch="False" />
                <line number="164" hits="1" branch="False" />
                <line number="166" hits="1" branch="False" />
                <line number="167" hits="1" branch="False" />
                <line number="168" hits="1" branch="False" />
                <line number="169" hits="1" branch="True" condition-coverage="100% (2/2)">
                  <conditions>
                    <condition number="1146" type="jump" coverage="100%" />
                  </conditions>
                </line>
                <line number="170" hits="1" branch="False" />
                <line number="171" hits="1" branch="False" />
                <line number="172" hits="1" branch="False" />
                <line number="173" hits="1" branch="True" condition-coverage="100% (2/2)">
                  <conditions>
                    <condition number="1183" type="jump" coverage="100%" />
                  </conditions>
                </line>
                <line number="174" hits="1" branch="False" />
                <line number="175" hits="1" branch="False" />
                <line number="176" hits="1" branch="False" />
                <line number="177" hits="1" branch="True" condition-coverage="100% (2/2)">
                  <conditions>
                    <condition number="1220" type="jump" coverage="100%" />
                  </conditions>
                </line>
                <line number="178" hits="1" branch="False" />
                <line number="179" hits="1" branch="False" />
                <line number="180" hits="1" branch="False" />
                <line number="182" hits="1" branch="False" />
                <line number="183" hits="1" branch="False" />
                <line number="184" hits="1" branch="False" />
                <line number="186" hits="1" branch="False" />
                <line number="187" hits="1" branch="False" />
                <line number="188" hits="1" branch="False" />
                <line number="189" hits="1" branch="True" condition-coverage="100% (2/2)">
                  <conditions>
                    <condition number="1293" type="jump" coverage="100%" />
                  </conditions>
                </line>
                <line number="190" hits="1" branch="False" />
                <line number="191" hits="1" branch="False" />
                <line number="192" hits="1" branch="False" />
                <line number="193" hits="1" branch="True" condition-coverage="100% (2/2)">
                  <conditions>
                    <condition number="1324" type="jump" coverage="100%" />
                  </conditions>
                </line>
                <line number="194" hits="1" branch="False" />
                <line number="195" hits="1" branch="False" />
                <line number="196" hits="1" branch="False" />
                <line number="197" hits="1" branch="True" condition-coverage="100% (2/2)">
                  <conditions>
                    <condition number="1355" type="jump" coverage="100%" />
                  </conditions>
                </line>
                <line number="198" hits="1" branch="False" />
                <line number="199" hits="1" branch="False" />
                <line number="200" hits="1" branch="False" />
                <line number="202" hits="29" branch="False" />
                <line number="203" hits="9" branch="False" />
              </lines>
            </method>
            <method name="GetEnvironmentValue" signature="(System.String)" line-rate="1" branch-rate="1" complexity="2">
              <lines>
                <line number="206" hits="180" branch="False" />
                <line number="207" hits="180" branch="False" />
                <line number="208" hits="180" branch="True" condition-coverage="100% (2/2)">
                  <conditions>
                    <condition number="14" type="jump" coverage="100%" />
                  </conditions>
                </line>
                <line number="209" hits="180" branch="False" />
              </lines>
            </method>
            <method name=".cctor" signature="()" line-rate="1" branch-rate="1" complexity="1">
              <lines>
                <line number="8" hits="1" branch="False" />
                <line number="9" hits="1" branch="False" />
                <line number="10" hits="1" branch="False" />
                <line number="11" hits="1" branch="False" />
                <line number="12" hits="1" branch="False" />
              </lines>
            </method>
          </methods>
          <lines>
            <line number="15" hits="9" branch="False" />
            <line number="16" hits="9" branch="False" />
            <line number="17" hits="9" branch="True" condition-coverage="100% (2/2)">
              <conditions>
                <condition number="14" type="jump" coverage="100%" />
              </conditions>
            </line>
            <line number="18" hits="9" branch="False" />
            <line number="19" hits="9" branch="False" />
            <line number="21" hits="9" branch="False" />
            <line number="22" hits="9" branch="False" />
            <line number="24" hits="9" branch="False" />
            <line number="25" hits="9" branch="False" />
            <line number="28" hits="8" branch="False" />
            <line number="29" hits="8" branch="False" />
            <line number="30" hits="8" branch="True" condition-coverage="50% (1/2)">
              <conditions>
                <condition number="20" type="jump" coverage="50%" />
              </conditions>
            </line>
            <line number="31" hits="8" branch="False" />
            <line number="34" hits="9" branch="False" />
            <line number="35" hits="82" branch="True" condition-coverage="100% (2/2)">
              <conditions>
                <condition number="49" type="jump" coverage="100%" />
              </conditions>
            </line>
            <line number="36" hits="38" branch="False" />
            <line number="37" hits="38" branch="True" condition-coverage="100% (2/2)">
              <conditions>
                <condition number="21" type="jump" coverage="100%" />
              </conditions>
            </line>
            <line number="38" hits="6" branch="False" />
            <line number="39" hits="6" branch="False" />
            <line number="41" hits="32" branch="False" />
            <line number="43" hits="3" branch="False" />
            <line number="44" hits="3" branch="True" condition-coverage="50% (1/2)">
              <conditions>
                <condition number="77" type="jump" coverage="50%" />
              </conditions>
            </line>
            <line number="45" hits="3" branch="False" />
            <line number="46" hits="3" branch="False" />
            <line number="49" hits="0" branch="False" />
            <line number="50" hits="9" branch="False" />
            <line number="53" hits="9" branch="False" />
            <line number="54" hits="9" branch="True" condition-coverage="100% (2/2)">
              <conditions>
                <condition number="22" type="jump" coverage="100%" />
              </conditions>
            </line>
            <line number="55" hits="1" branch="False" />
            <line number="56" hits="1" branch="False" />
            <line number="57" hits="1" branch="False" />
            <line number="59" hits="9" branch="True" condition-coverage="100% (2/2)">
              <conditions>
                <condition number="55" type="jump" coverage="100%" />
              </conditions>
            </line>
            <line number="60" hits="1" branch="False" />
            <line number="61" hits="1" branch="False" />
            <line number="62" hits="1" branch="False" />
            <line number="64" hits="9" branch="True" condition-coverage="100% (2/2)">
              <conditions>
                <condition number="79" type="jump" coverage="100%" />
              </conditions>
            </line>
            <line number="65" hits="9" branch="True" condition-coverage="100% (2/2)">
              <conditions>
                <condition number="106" type="jump" coverage="100%" />
              </conditions>
            </line>
            <line number="66" hits="9" branch="True" condition-coverage="100% (2/2)">
              <conditions>
                <condition number="133" type="jump" coverage="100%" />
              </conditions>
            </line>
            <line number="67" hits="9" branch="True" condition-coverage="100% (2/2)">
              <conditions>
                <condition number="160" type="jump" coverage="100%" />
              </conditions>
            </line>
            <line number="68" hits="9" branch="True" condition-coverage="100% (2/2)">
              <conditions>
                <condition number="187" type="jump" coverage="100%" />
              </conditions>
            </line>
            <line number="69" hits="9" branch="True" condition-coverage="100% (2/2)">
              <conditions>
                <condition number="214" type="jump" coverage="100%" />
              </conditions>
            </line>
            <line number="70" hits="9" branch="True" condition-coverage="100% (2/2)">
              <conditions>
                <condition number="241" type="jump" coverage="100%" />
              </conditions>
            </line>
            <line number="71" hits="9" branch="True" condition-coverage="100% (2/2)">
              <conditions>
                <condition number="268" type="jump" coverage="100%" />
              </conditions>
            </line>
            <line number="72" hits="9" branch="True" condition-coverage="100% (2/2)">
              <conditions>
                <condition number="295" type="jump" coverage="100%" />
              </conditions>
            </line>
            <line number="73" hits="9" branch="True" condition-coverage="100% (2/2)">
              <conditions>
                <condition number="322" type="jump" coverage="100%" />
              </conditions>
            </line>
            <line number="75" hits="9" branch="True" condition-coverage="100% (2/2)">
              <conditions>
                <condition number="358" type="jump" coverage="100%" />
              </conditions>
            </line>
            <line number="76" hits="1" branch="False" />
            <line number="77" hits="1" branch="False" />
            <line number="78" hits="1" branch="False" />
            <line number="80" hits="9" branch="True" condition-coverage="100% (2/2)">
              <conditions>
                <condition number="391" type="jump" coverage="100%" />
              </conditions>
            </line>
            <line number="81" hits="1" branch="False" />
            <line number="82" hits="1" branch="False" />
            <line number="83" hits="1" branch="False" />
            <line number="85" hits="9" branch="True" condition-coverage="100% (2/2)">
              <conditions>
                <condition number="424" type="jump" coverage="100%" />
              </conditions>
            </line>
            <line number="86" hits="1" branch="False" />
            <line number="87" hits="1" branch="False" />
            <line number="88" hits="1" branch="False" />
            <line number="90" hits="9" branch="True" condition-coverage="100% (2/2)">
              <conditions>
                <condition number="449" type="jump" coverage="100%" />
              </conditions>
            </line>
            <line number="91" hits="9" branch="True" condition-coverage="100% (2/2)">
              <conditions>
                <condition number="476" type="jump" coverage="100%" />
              </conditions>
            </line>
            <line number="93" hits="9" branch="True" condition-coverage="100% (2/2)">
              <conditions>
                <condition number="512" type="jump" coverage="100%" />
              </conditions>
            </line>
            <line number="94" hits="1" branch="False" />
            <line number="95" hits="1" branch="False" />
            <line number="96" hits="1" branch="False" />
            <line number="98" hits="9" branch="True" condition-coverage="100% (2/2)">
              <conditions>
                <condition number="546" type="jump" coverage="100%" />
              </conditions>
            </line>
            <line number="99" hits="1" branch="False" />
            <line number="100" hits="1" branch="False" />
            <line number="101" hits="1" branch="False" />
            <line number="103" hits="9" branch="True" condition-coverage="100% (2/2)">
              <conditions>
                <condition number="580" type="jump" coverage="100%" />
              </conditions>
            </line>
            <line number="104" hits="1" branch="False" />
            <line number="105" hits="1" branch="False" />
            <line number="106" hits="1" branch="False" />
            <line number="107" hits="9" branch="False" />
            <line number="110" hits="9" branch="False" />
            <line number="111" hits="86" branch="True" condition-coverage="100% (2/2)">
              <conditions>
                <condition number="1389" type="jump" coverage="100%" />
              </conditions>
            </line>
            <line number="112" hits="34" branch="False" />
            <line number="113" hits="34" branch="False" />
            <line number="114" hits="34" branch="True" condition-coverage="100% (2/2)">
              <conditions>
                <condition number="23" type="jump" coverage="100%" />
              </conditions>
            </line>
            <line number="115" hits="5" branch="False" />
            <line number="116" hits="5" branch="False" />
            <line number="119" hits="29" branch="True" condition-coverage="100% (94/94)">
              <conditions>
                <condition number="54" type="jump" coverage="100%" />
                <condition number="66" type="jump" coverage="100%" />
                <condition number="75" type="jump" coverage="100%" />
                <condition number="84" type="jump" coverage="100%" />
                <condition number="115" type="jump" coverage="100%" />
                <condition number="129" type="jump" coverage="100%" />
                <condition number="160" type="jump" coverage="100%" />
                <condition number="169" type="jump" coverage="100%" />
                <condition number="200" type="jump" coverage="100%" />
                <condition number="214" type="jump" coverage="100%" />
                <condition number="245" type="jump" coverage="100%" />
                <condition number="254" type="jump" coverage="100%" />
                <condition number="263" type="jump" coverage="100%" />
                <condition number="294" type="jump" coverage="100%" />
                <condition number="305" type="jump" coverage="100%" />
                <condition number="336" type="jump" coverage="100%" />
                <condition number="345" type="jump" coverage="100%" />
                <condition number="376" type="jump" coverage="100%" />
                <condition number="390" type="jump" coverage="100%" />
                <condition number="98" type="jump" coverage="100%" />
                <condition number="404" type="jump" coverage="100%" />
                <condition number="228" type="jump" coverage="100%" />
                <condition number="143" type="jump" coverage="100%" />
                <condition number="359" type="jump" coverage="100%" />
                <condition number="277" type="jump" coverage="100%" />
                <condition number="183" type="jump" coverage="100%" />
                <condition number="319" type="jump" coverage="100%" />
                <condition number="423" type="jump" coverage="100%" />
                <condition number="445" type="jump" coverage="100%" />
                <condition number="467" type="jump" coverage="100%" />
                <condition number="489" type="jump" coverage="100%" />
                <condition number="511" type="jump" coverage="100%" />
                <condition number="533" type="jump" coverage="100%" />
                <condition number="555" type="jump" coverage="100%" />
                <condition number="577" type="jump" coverage="100%" />
                <condition number="599" type="jump" coverage="100%" />
                <condition number="621" type="jump" coverage="100%" />
                <condition number="643" type="jump" coverage="100%" />
                <condition number="665" type="jump" coverage="100%" />
                <condition number="687" type="jump" coverage="100%" />
                <condition number="709" type="jump" coverage="100%" />
                <condition number="731" type="jump" coverage="100%" />
                <condition number="753" type="jump" coverage="100%" />
                <condition number="775" type="jump" coverage="100%" />
                <condition number="797" type="jump" coverage="100%" />
                <condition number="819" type="jump" coverage="100%" />
                <condition number="841" type="jump" coverage="100%" />
              </conditions>
            </line>
            <line number="122" hits="2" branch="False" />
            <line number="123" hits="2" branch="False" />
            <line number="124" hits="2" branch="False" />
            <line number="125" hits="1" branch="True" condition-coverage="100% (2/2)">
              <conditions>
                <condition number="884" type="jump" coverage="100%" />
              </conditions>
            </line>
            <line number="126" hits="1" branch="False" />
            <line number="127" hits="1" branch="False" />
            <line number="128" hits="1" branch="False" />
            <line number="129" hits="2" branch="True" condition-coverage="100% (2/2)">
              <conditions>
                <condition number="920" type="jump" coverage="100%" />
              </conditions>
            </line>
            <line number="130" hits="2" branch="False" />
            <line number="131" hits="2" branch="False" />
            <line number="132" hits="2" branch="False" />
            <line number="134" hits="1" branch="False" />
            <line number="135" hits="1" branch="False" />
            <line number="136" hits="1" branch="False" />
            <line number="138" hits="1" branch="False" />
            <line number="139" hits="1" branch="False" />
            <line number="140" hits="1" branch="False" />
            <line number="142" hits="1" branch="False" />
            <line number="143" hits="1" branch="False" />
            <line number="144" hits="1" branch="False" />
            <line number="146" hits="1" branch="False" />
            <line number="147" hits="1" branch="False" />
            <line number="148" hits="1" branch="False" />
            <line number="150" hits="1" branch="False" />
            <line number="151" hits="1" branch="False" />
            <line number="152" hits="1" branch="False" />
            <line number="154" hits="1" branch="False" />
            <line number="155" hits="1" branch="False" />
            <line number="156" hits="1" branch="False" />
            <line number="158" hits="1" branch="False" />
            <line number="159" hits="1" branch="False" />
            <line number="160" hits="1" branch="False" />
            <line number="162" hits="1" branch="False" />
            <line number="163" hits="1" branch="False" />
            <line number="164" hits="1" branch="False" />
            <line number="166" hits="1" branch="False" />
            <line number="167" hits="1" branch="False" />
            <line number="168" hits="1" branch="False" />
            <line number="169" hits="1" branch="True" condition-coverage="100% (2/2)">
              <conditions>
                <condition number="1146" type="jump" coverage="100%" />
              </conditions>
            </line>
            <line number="170" hits="1" branch="False" />
            <line number="171" hits="1" branch="False" />
            <line number="172" hits="1" branch="False" />
            <line number="173" hits="1" branch="True" condition-coverage="100% (2/2)">
              <conditions>
                <condition number="1183" type="jump" coverage="100%" />
              </conditions>
            </line>
            <line number="174" hits="1" branch="False" />
            <line number="175" hits="1" branch="False" />
            <line number="176" hits="1" branch="False" />
            <line number="177" hits="1" branch="True" condition-coverage="100% (2/2)">
              <conditions>
                <condition number="1220" type="jump" coverage="100%" />
              </conditions>
            </line>
            <line number="178" hits="1" branch="False" />
            <line number="179" hits="1" branch="False" />
            <line number="180" hits="1" branch="False" />
            <line number="182" hits="1" branch="False" />
            <line number="183" hits="1" branch="False" />
            <line number="184" hits="1" branch="False" />
            <line number="186" hits="1" branch="False" />
            <line number="187" hits="1" branch="False" />
            <line number="188" hits="1" branch="False" />
            <line number="189" hits="1" branch="True" condition-coverage="100% (2/2)">
              <conditions>
                <condition number="1293" type="jump" coverage="100%" />
              </conditions>
            </line>
            <line number="190" hits="1" branch="False" />
            <line number="191" hits="1" branch="False" />
            <line number="192" hits="1" branch="False" />
            <line number="193" hits="1" branch="True" condition-coverage="100% (2/2)">
              <conditions>
                <condition number="1324" type="jump" coverage="100%" />
              </conditions>
            </line>
            <line number="194" hits="1" branch="False" />
            <line number="195" hits="1" branch="False" />
            <line number="196" hits="1" branch="False" />
            <line number="197" hits="1" branch="True" condition-coverage="100% (2/2)">
              <conditions>
                <condition number="1355" type="jump" coverage="100%" />
              </conditions>
            </line>
            <line number="198" hits="1" branch="False" />
            <line number="199" hits="1" branch="False" />
            <line number="200" hits="1" branch="False" />
            <line number="202" hits="29" branch="False" />
            <line number="203" hits="9" branch="False" />
            <line number="206" hits="180" branch="False" />
            <line number="207" hits="180" branch="False" />
            <line number="208" hits="180" branch="True" condition-coverage="100% (2/2)">
              <conditions>
                <condition number="14" type="jump" coverage="100%" />
              </conditions>
            </line>
            <line number="209" hits="180" branch="False" />
            <line number="8" hits="1" branch="False" />
            <line number="9" hits="1" branch="False" />
            <line number="10" hits="1" branch="False" />
            <line number="11" hits="1" branch="False" />
            <line number="12" hits="1" branch="False" />
          </lines>
        </class>
        <class name="MailGrabber.Services.CsvExporter" filename="Services/CsvExporter.cs" line-rate="1" branch-rate="0.7726999999999999" complexity="22">
          <methods>
            <method name="Write" signature="(System.String,System.Collections.Generic.IReadOnlyCollection`1&lt;MailGrabber.Models.ClusteredSenderRow&gt;)" line-rate="1" branch-rate="0.6428" complexity="14">
              <lines>
                <line number="9" hits="3" branch="False" />
                <line number="10" hits="3" branch="False" />
                <line number="11" hits="3" branch="False" />
                <line number="13" hits="3" branch="True" condition-coverage="100% (2/2)">
                  <conditions>
                    <condition number="28" type="jump" coverage="100%" />
                  </conditions>
                </line>
                <line number="14" hits="3" branch="False" />
                <line number="15" hits="3" branch="False" />
                <line number="16" hits="3" branch="False" />
                <line number="18" hits="3" branch="False" />
                <line number="19" hits="3" branch="False" />
                <line number="21" hits="11" branch="True" condition-coverage="100% (2/2)">
                  <conditions>
                    <condition number="531" type="jump" coverage="100%" />
                  </conditions>
                </line>
                <line number="22" hits="1" branch="False" />
                <line number="23" hits="1" branch="True" condition-coverage="50% (5/10)">
                  <conditions>
                    <condition number="316" type="jump" coverage="50%" />
                    <condition number="351" type="jump" coverage="50%" />
                    <condition number="391" type="jump" coverage="50%" />
                    <condition number="426" type="jump" coverage="50%" />
                    <condition number="456" type="jump" coverage="50%" />
                  </conditions>
                </line>
                <line number="24" hits="1" branch="False" />
                <line number="25" hits="1" branch="False" />
                <line number="26" hits="1" branch="False" />
                <line number="27" hits="1" branch="False" />
                <line number="28" hits="1" branch="False" />
                <line number="29" hits="1" branch="False" />
                <line number="30" hits="1" branch="False" />
                <line number="31" hits="1" branch="False" />
                <line number="32" hits="1" branch="False" />
                <line number="33" hits="1" branch="False" />
                <line number="34" hits="1" branch="False" />
                <line number="35" hits="1" branch="False" />
                <line number="36" hits="1" branch="False" />
                <line number="37" hits="6" branch="False" />
              </lines>
            </method>
            <method name="Escape" signature="(System.String)" line-rate="1" branch-rate="1" complexity="8">
              <lines>
                <line number="40" hits="10" branch="False" />
                <line number="41" hits="10" branch="True" condition-coverage="100% (8/8)">
                  <conditions>
                    <condition number="9" type="jump" coverage="100%" />
                    <condition number="19" type="jump" coverage="100%" />
                    <condition number="29" type="jump" coverage="100%" />
                    <condition number="47" type="jump" coverage="100%" />
                  </conditions>
                </line>
                <line number="42" hits="8" branch="False" />
                <line number="43" hits="8" branch="False" />
                <line number="46" hits="2" branch="False" />
                <line number="47" hits="10" branch="False" />
              </lines>
            </method>
          </methods>
          <lines>
            <line number="9" hits="3" branch="False" />
            <line number="10" hits="3" branch="False" />
            <line number="11" hits="3" branch="False" />
            <line number="13" hits="3" branch="True" condition-coverage="100% (2/2)">
              <conditions>
                <condition number="28" type="jump" coverage="100%" />
              </conditions>
            </line>
            <line number="14" hits="3" branch="False" />
            <line number="15" hits="3" branch="False" />
            <line number="16" hits="3" branch="False" />
            <line number="18" hits="3" branch="False" />
            <line number="19" hits="3" branch="False" />
            <line number="21" hits="11" branch="True" condition-coverage="100% (2/2)">
              <conditions>
                <condition number="531" type="jump" coverage="100%" />
              </conditions>
            </line>
            <line number="22" hits="1" branch="False" />
            <line number="23" hits="1" branch="True" condition-coverage="50% (5/10)">
              <conditions>
                <condition number="316" type="jump" coverage="50%" />
                <condition number="351" type="jump" coverage="50%" />
                <condition number="391" type="jump" coverage="50%" />
                <condition number="426" type="jump" coverage="50%" />
                <condition number="456" type="jump" coverage="50%" />
              </conditions>
            </line>
            <line number="24" hits="1" branch="False" />
            <line number="25" hits="1" branch="False" />
            <line number="26" hits="1" branch="False" />
            <line number="27" hits="1" branch="False" />
            <line number="28" hits="1" branch="False" />
            <line number="29" hits="1" branch="False" />
            <line number="30" hits="1" branch="False" />
            <line number="31" hits="1" branch="False" />
            <line number="32" hits="1" branch="False" />
            <line number="33" hits="1" branch="False" />
            <line number="34" hits="1" branch="False" />
            <line number="35" hits="1" branch="False" />
            <line number="36" hits="1" branch="False" />
            <line number="37" hits="6" branch="False" />
            <line number="40" hits="10" branch="False" />
            <line number="41" hits="10" branch="True" condition-coverage="100% (8/8)">
              <conditions>
                <condition number="9" type="jump" coverage="100%" />
                <condition number="19" type="jump" coverage="100%" />
                <condition number="29" type="jump" coverage="100%" />
                <condition number="47" type="jump" coverage="100%" />
              </conditions>
            </line>
            <line number="42" hits="8" branch="False" />
            <line number="43" hits="8" branch="False" />
            <line number="46" hits="2" branch="False" />
            <line number="47" hits="10" branch="False" />
          </lines>
        </class>
        <class name="MailGrabber.Services.HtmlViewerExporter" filename="Services/HtmlViewerExporter.cs" line-rate="1" branch-rate="1" complexity="3">
          <methods>
            <method name="Write" signature="(System.String,MailGrabber.Models.ClusterReport)" line-rate="1" branch-rate="1" complexity="2">
              <lines>
                <line number="10" hits="3" branch="False" />
                <line number="11" hits="3" branch="False" />
                <line number="12" hits="3" branch="False" />
                <line number="14" hits="3" branch="True" condition-coverage="100% (2/2)">
                  <conditions>
                    <condition number="28" type="jump" coverage="100%" />
                  </conditions>
                </line>
                <line number="15" hits="3" branch="False" />
                <line number="16" hits="3" branch="False" />
                <line number="17" hits="3" branch="False" />
                <line number="19" hits="3" branch="False" />
                <line number="20" hits="3" branch="False" />
                <line number="21" hits="3" branch="False" />
                <line number="22" hits="3" branch="False" />
              </lines>
            </method>
            <method name="BuildHtml" signature="(System.String)" line-rate="1" branch-rate="1" complexity="1">
              <lines>
                <line number="25" hits="3" branch="False" />
                <line number="26" hits="3" branch="False" />
                <line number="27" hits="3" branch="False" />
                <line number="28" hits="3" branch="False" />
                <line number="29" hits="3" branch="False" />
                <line number="30" hits="3" branch="False" />
                <line number="31" hits="3" branch="False" />
                <line number="32" hits="3" branch="False" />
                <line number="33" hits="3" branch="False" />
                <line number="34" hits="3" branch="False" />
                <line number="35" hits="3" branch="False" />
                <line number="36" hits="3" branch="False" />
                <line number="37" hits="3" branch="False" />
                <line number="38" hits="3" branch="False" />
                <line number="39" hits="3" branch="False" />
                <line number="40" hits="3" branch="False" />
                <line number="41" hits="3" branch="False" />
                <line number="42" hits="3" branch="False" />
                <line number="43" hits="3" branch="False" />
                <line number="44" hits="3" branch="False" />
                <line number="45" hits="3" branch="False" />
                <line number="46" hits="3" branch="False" />
                <line number="47" hits="3" branch="False" />
                <line number="48" hits="3" branch="False" />
                <line number="49" hits="3" branch="False" />
                <line number="50" hits="3" branch="False" />
                <line number="51" hits="3" branch="False" />
                <line number="52" hits="3" branch="False" />
                <line number="53" hits="3" branch="False" />
                <line number="54" hits="3" branch="False" />
                <line number="55" hits="3" branch="False" />
                <line number="56" hits="3" branch="False" />
                <line number="57" hits="3" branch="False" />
                <line number="58" hits="3" branch="False" />
                <line number="59" hits="3" branch="False" />
                <line number="60" hits="3" branch="False" />
                <line number="61" hits="3" branch="False" />
                <line number="62" hits="3" branch="False" />
                <line number="63" hits="3" branch="False" />
                <line number="64" hits="3" branch="False" />
                <line number="65" hits="3" branch="False" />
                <line number="66" hits="3" branch="False" />
                <line number="67" hits="3" branch="False" />
                <line number="68" hits="3" branch="False" />
                <line number="69" hits="3" branch="False" />
                <line number="70" hits="3" branch="False" />
                <line number="71" hits="3" branch="False" />
                <line number="72" hits="3" branch="False" />
                <line number="73" hits="3" branch="False" />
                <line number="74" hits="3" branch="False" />
                <line number="75" hits="3" branch="False" />
                <line number="76" hits="3" branch="False" />
                <line number="77" hits="3" branch="False" />
                <line number="78" hits="3" branch="False" />
                <line number="79" hits="3" branch="False" />
                <line number="80" hits="3" branch="False" />
                <line number="81" hits="3" branch="False" />
                <line number="82" hits="3" branch="False" />
                <line number="83" hits="3" branch="False" />
                <line number="84" hits="3" branch="False" />
                <line number="85" hits="3" branch="False" />
                <line number="86" hits="3" branch="False" />
                <line number="87" hits="3" branch="False" />
                <line number="88" hits="3" branch="False" />
                <line number="89" hits="3" branch="False" />
                <line number="90" hits="3" branch="False" />
                <line number="91" hits="3" branch="False" />
                <line number="92" hits="3" branch="False" />
                <line number="93" hits="3" branch="False" />
                <line number="94" hits="3" branch="False" />
                <line number="95" hits="3" branch="False" />
                <line number="96" hits="3" branch="False" />
                <line number="97" hits="3" branch="False" />
                <line number="98" hits="3" branch="False" />
                <line number="99" hits="3" branch="False" />
                <line number="100" hits="3" branch="False" />
                <line number="101" hits="3" branch="False" />
                <line number="102" hits="3" branch="False" />
                <line number="103" hits="3" branch="False" />
                <line number="104" hits="3" branch="False" />
                <line number="105" hits="3" branch="False" />
                <line number="106" hits="3" branch="False" />
                <line number="107" hits="3" branch="False" />
                <line number="108" hits="3" branch="False" />
                <line number="109" hits="3" branch="False" />
                <line number="110" hits="3" branch="False" />
                <line number="111" hits="3" branch="False" />
                <line number="112" hits="3" branch="False" />
                <line number="113" hits="3" branch="False" />
                <line number="114" hits="3" branch="False" />
                <line number="115" hits="3" branch="False" />
                <line number="116" hits="3" branch="False" />
                <line number="117" hits="3" branch="False" />
                <line number="118" hits="3" branch="False" />
                <line number="119" hits="3" branch="False" />
                <line number="120" hits="3" branch="False" />
                <line number="121" hits="3" branch="False" />
                <line number="122" hits="3" branch="False" />
                <line number="123" hits="3" branch="False" />
                <line number="124" hits="3" branch="False" />
                <line number="125" hits="3" branch="False" />
                <line number="126" hits="3" branch="False" />
                <line number="127" hits="3" branch="False" />
                <line number="128" hits="3" branch="False" />
                <line number="129" hits="3" branch="False" />
                <line number="130" hits="3" branch="False" />
                <line number="131" hits="3" branch="False" />
                <line number="132" hits="3" branch="False" />
                <line number="133" hits="3" branch="False" />
                <line number="134" hits="3" branch="False" />
                <line number="135" hits="3" branch="False" />
                <line number="136" hits="3" branch="False" />
                <line number="137" hits="3" branch="False" />
                <line number="138" hits="3" branch="False" />
                <line number="139" hits="3" branch="False" />
                <line number="140" hits="3" branch="False" />
                <line number="141" hits="3" branch="False" />
                <line number="142" hits="3" branch="False" />
                <line number="143" hits="3" branch="False" />
                <line number="144" hits="3" branch="False" />
                <line number="145" hits="3" branch="False" />
                <line number="146" hits="3" branch="False" />
                <line number="147" hits="3" branch="False" />
                <line number="148" hits="3" branch="False" />
                <line number="149" hits="3" branch="False" />
                <line number="150" hits="3" branch="False" />
                <line number="151" hits="3" branch="False" />
                <line number="152" hits="3" branch="False" />
                <line number="153" hits="3" branch="False" />
                <line number="154" hits="3" branch="False" />
                <line number="155" hits="3" branch="False" />
                <line number="156" hits="3" branch="False" />
                <line number="157" hits="3" branch="False" />
                <line number="158" hits="3" branch="False" />
                <line number="159" hits="3" branch="False" />
                <line number="160" hits="3" branch="False" />
                <line number="161" hits="3" branch="False" />
                <line number="162" hits="3" branch="False" />
                <line number="163" hits="3" branch="False" />
                <line number="164" hits="3" branch="False" />
                <line number="165" hits="3" branch="False" />
                <line number="166" hits="3" branch="False" />
                <line number="167" hits="3" branch="False" />
                <line number="168" hits="3" branch="False" />
                <line number="169" hits="3" branch="False" />
                <line number="170" hits="3" branch="False" />
                <line number="171" hits="3" branch="False" />
                <line number="172" hits="3" branch="False" />
                <line number="173" hits="3" branch="False" />
                <line number="174" hits="3" branch="False" />
                <line number="175" hits="3" branch="False" />
                <line number="176" hits="3" branch="False" />
                <line number="177" hits="3" branch="False" />
                <line number="178" hits="3" branch="False" />
                <line number="179" hits="3" branch="False" />
                <line number="180" hits="3" branch="False" />
                <line number="181" hits="3" branch="False" />
                <line number="182" hits="3" branch="False" />
                <line number="183" hits="3" branch="False" />
                <line number="184" hits="3" branch="False" />
                <line number="185" hits="3" branch="False" />
                <line number="186" hits="3" branch="False" />
                <line number="187" hits="3" branch="False" />
                <line number="188" hits="3" branch="False" />
                <line number="189" hits="3" branch="False" />
                <line number="190" hits="3" branch="False" />
                <line number="191" hits="3" branch="False" />
                <line number="192" hits="3" branch="False" />
                <line number="193" hits="3" branch="False" />
                <line number="194" hits="3" branch="False" />
                <line number="195" hits="3" branch="False" />
                <line number="196" hits="3" branch="False" />
                <line number="197" hits="3" branch="False" />
                <line number="198" hits="3" branch="False" />
                <line number="199" hits="3" branch="False" />
                <line number="200" hits="3" branch="False" />
                <line number="201" hits="3" branch="False" />
                <line number="202" hits="3" branch="False" />
                <line number="203" hits="3" branch="False" />
                <line number="204" hits="3" branch="False" />
                <line number="205" hits="3" branch="False" />
                <line number="206" hits="3" branch="False" />
                <line number="207" hits="3" branch="False" />
                <line number="208" hits="3" branch="False" />
                <line number="209" hits="3" branch="False" />
                <line number="210" hits="3" branch="False" />
                <line number="211" hits="3" branch="False" />
                <line number="212" hits="3" branch="False" />
                <line number="213" hits="3" branch="False" />
                <line number="214" hits="3" branch="False" />
              </lines>
            </method>
          </methods>
          <lines>
            <line number="10" hits="3" branch="False" />
            <line number="11" hits="3" branch="False" />
            <line number="12" hits="3" branch="False" />
            <line number="14" hits="3" branch="True" condition-coverage="100% (2/2)">
              <conditions>
                <condition number="28" type="jump" coverage="100%" />
              </conditions>
            </line>
            <line number="15" hits="3" branch="False" />
            <line number="16" hits="3" branch="False" />
            <line number="17" hits="3" branch="False" />
            <line number="19" hits="3" branch="False" />
            <line number="20" hits="3" branch="False" />
            <line number="21" hits="3" branch="False" />
            <line number="22" hits="3" branch="False" />
            <line number="25" hits="3" branch="False" />
            <line number="26" hits="3" branch="False" />
            <line number="27" hits="3" branch="False" />
            <line number="28" hits="3" branch="False" />
            <line number="29" hits="3" branch="False" />
            <line number="30" hits="3" branch="False" />
            <line number="31" hits="3" branch="False" />
            <line number="32" hits="3" branch="False" />
            <line number="33" hits="3" branch="False" />
            <line number="34" hits="3" branch="False" />
            <line number="35" hits="3" branch="False" />
            <line number="36" hits="3" branch="False" />
            <line number="37" hits="3" branch="False" />
            <line number="38" hits="3" branch="False" />
            <line number="39" hits="3" branch="False" />
            <line number="40" hits="3" branch="False" />
            <line number="41" hits="3" branch="False" />
            <line number="42" hits="3" branch="False" />
            <line number="43" hits="3" branch="False" />
            <line number="44" hits="3" branch="False" />
            <line number="45" hits="3" branch="False" />
            <line number="46" hits="3" branch="False" />
            <line number="47" hits="3" branch="False" />
            <line number="48" hits="3" branch="False" />
            <line number="49" hits="3" branch="False" />
            <line number="50" hits="3" branch="False" />
            <line number="51" hits="3" branch="False" />
            <line number="52" hits="3" branch="False" />
            <line number="53" hits="3" branch="False" />
            <line number="54" hits="3" branch="False" />
            <line number="55" hits="3" branch="False" />
            <line number="56" hits="3" branch="False" />
            <line number="57" hits="3" branch="False" />
            <line number="58" hits="3" branch="False" />
            <line number="59" hits="3" branch="False" />
            <line number="60" hits="3" branch="False" />
            <line number="61" hits="3" branch="False" />
            <line number="62" hits="3" branch="False" />
            <line number="63" hits="3" branch="False" />
            <line number="64" hits="3" branch="False" />
            <line number="65" hits="3" branch="False" />
            <line number="66" hits="3" branch="False" />
            <line number="67" hits="3" branch="False" />
            <line number="68" hits="3" branch="False" />
            <line number="69" hits="3" branch="False" />
            <line number="70" hits="3" branch="False" />
            <line number="71" hits="3" branch="False" />
            <line number="72" hits="3" branch="False" />
[...]
            <line number="118" hits="3" branch="True" condition-coverage="75% (3/4)">
              <conditions>
                <condition number="115" type="jump" coverage="50%" />
                <condition number="136" type="jump" coverage="100%" />
              </conditions>
            </line>
            <line number="119" hits="3" branch="False" />
            <line number="120" hits="3" branch="False" />
            <line number="121" hits="3" branch="False" />
            <line number="123" hits="3" branch="True" condition-coverage="50% (1/2)">
              <conditions>
                <condition number="185" type="jump" coverage="50%" />
              </conditions>
            </line>
            <line number="124" hits="0" branch="False" />
            <line number="125" hits="0" branch="False" />
            <line number="128" hits="3" branch="True" condition-coverage="83.33% (5/6)">
              <conditions>
                <condition number="208" type="jump" coverage="100%" />
                <condition number="241" type="jump" coverage="50%" />
                <condition number="272" type="jump" coverage="100%" />
              </conditions>
            </line>
            <line number="129" hits="2" branch="False" />
            <line number="130" hits="2" branch="False" />
            <line number="131" hits="2" branch="False" />
            <line number="133" hits="3" branch="True" condition-coverage="83.33% (5/6)">
              <conditions>
                <condition number="303" type="jump" coverage="100%" />
                <condition number="336" type="jump" coverage="50%" />
                <condition number="367" type="jump" coverage="100%" />
              </conditions>
            </line>
            <line number="134" hits="3" branch="False" />
            <line number="135" hits="3" branch="False" />
            <line number="136" hits="3" branch="False" />
            <line number="137" hits="3" branch="False" />
            <line number="140" hits="2" branch="False" />
            <line number="141" hits="2" branch="False" />
            <line number="142" hits="2" branch="False" />
            <line number="143" hits="2" branch="False" />
            <line number="144" hits="2" branch="False" />
            <line number="145" hits="2" branch="False" />
            <line number="146" hits="2" branch="False" />
            <line number="147" hits="2" branch="False" />
            <line number="148" hits="2" branch="False" />
            <line number="149" hits="2" branch="False" />
            <line number="150" hits="2" branch="False" />
            <line number="151" hits="2" branch="False" />
            <line number="152" hits="2" branch="False" />
            <line number="153" hits="2" branch="False" />
            <line number="154" hits="2" branch="False" />
            <line number="155" hits="2" branch="False" />
            <line number="156" hits="2" branch="False" />
            <line number="87" hits="2" branch="False" />
            <line number="88" hits="2" branch="False" />
            <line number="89" hits="2" branch="False" />
            <line number="90" hits="2" branch="False" />
            <line number="91" hits="2" branch="False" />
            <line number="92" hits="2" branch="False" />
            <line number="93" hits="2" branch="False" />
            <line number="95" hits="2" branch="False" />
            <line number="96" hits="2" branch="False" />
            <line number="97" hits="2" branch="False" />
          </lines>
        </class>
        <class name="MailGrabber.Models.AppSettings" filename="Models/AppSettings.cs" line-rate="1" branch-rate="0.95" complexity="22">
          <methods>
            <method name="get_GraphScopes" signature="()" line-rate="1" branch-rate="1" complexity="1">
              <lines>
                <line number="116" hits="4" branch="False" />
              </lines>
            </method>
            <method name="Validate" signature="()" line-rate="1" branch-rate="0.95" complexity="20">
              <lines>
                <line number="119" hits="9" branch="False" />
                <line number="120" hits="9" branch="True" condition-coverage="100% (4/4)">
                  <conditions>
                    <condition number="7" type="jump" coverage="100%" />
                    <condition number="23" type="jump" coverage="100%" />
                  </conditions>
                </line>
                <line number="121" hits="1" branch="False" />
                <line number="122" hits="1" branch="False" />
                <line number="125" hits="8" branch="True" condition-coverage="83.33% (5/6)">
                  <conditions>
                    <condition number="43" type="jump" coverage="100%" />
                    <condition number="56" type="jump" coverage="50%" />
                    <condition number="83" type="jump" coverage="100%" />
                  </conditions>
                </line>
                <line number="126" hits="2" branch="False" />
                <line number="127" hits="2" branch="False" />
                <line number="130" hits="6" branch="True" condition-coverage="100% (4/4)">
                  <conditions>
                    <condition number="103" type="jump" coverage="100%" />
                    <condition number="121" type="jump" coverage="100%" />
                  </conditions>
                </line>
                <line number="131" hits="1" branch="False" />
                <line number="132" hits="1" branch="False" />
                <line number="135" hits="5" branch="True" condition-coverage="100% (2/2)">
                  <conditions>
                    <condition number="149" type="jump" coverage="100%" />
                  </conditions>
                </line>
                <line number="136" hits="1" branch="False" />
                <line number="137" hits="1" branch="False" />
                <line number="140" hits="4" branch="True" condition-coverage="100% (4/4)">
                  <conditions>
                    <condition number="170" type="jump" coverage="100%" />
                    <condition number="192" type="jump" coverage="100%" />
                  </conditions>
                </line>
                <line number="141" hits="2" branch="False" />
                <line number="142" hits="2" branch="False" />
                <line number="144" hits="2" branch="False" />
              </lines>
            </method>
            <method name=".ctor" signature="()" line-rate="1" branch-rate="1" complexity="1">
              <lines>
                <line number="8" hits="28" branch="False" />
                <line number="11" hits="28" branch="False" />
                <line number="14" hits="28" branch="False" />
                <line number="17" hits="28" branch="False" />
                <line number="23" hits="28" branch="False" />
                <line number="26" hits="28" branch="False" />
                <line number="29" hits="28" branch="False" />
                <line number="32" hits="28" branch="False" />
                <line number="35" hits="28" branch="False" />
                <line number="38" hits="28" branch="False" />
                <line number="41" hits="28" branch="False" />
                <line number="44" hits="28" branch="False" />
                <line number="47" hits="28" branch="False" />
                <line number="50" hits="28" branch="False" />
                <line number="53" hits="28" branch="False" />
                <line number="56" hits="28" branch="False" />
                <line number="59" hits="28" branch="False" />
                <line number="62" hits="28" branch="False" />
                <line number="65" hits="28" branch="False" />
                <line number="68" hits="28" branch="False" />
                <line number="71" hits="28" branch="False" />
                <line number="74" hits="28" branch="False" />
                <line number="75" hits="28" branch="False" />
                <line number="76" hits="28" branch="False" />
                <line number="77" hits="28" branch="False" />
                <line number="78" hits="28" branch="False" />
                <line number="79" hits="28" branch="False" />
                <line number="80" hits="28" branch="False" />
                <line number="81" hits="28" branch="False" />
                <line number="82" hits="28" branch="False" />
                <line number="83" hits="28" branch="False" />
                <line number="84" hits="28" branch="False" />
                <line number="85" hits="28" branch="False" />
                <line number="86" hits="28" branch="False" />
                <line number="87" hits="28" branch="False" />
                <line number="88" hits="28" branch="False" />
                <line number="89" hits="28" branch="False" />
                <line number="90" hits="28" branch="False" />
                <line number="91" hits="28" branch="False" />
                <line number="92" hits="28" branch="False" />
                <line number="93" hits="28" branch="False" />
                <line number="94" hits="28" branch="False" />
                <line number="95" hits="28" branch="False" />
                <line number="96" hits="28" branch="False" />
                <line number="97" hits="28" branch="False" />
                <line number="100" hits="28" branch="False" />
                <line number="101" hits="28" branch="False" />
                <line number="102" hits="28" branch="False" />
                <line number="103" hits="28" branch="False" />
                <line number="104" hits="28" branch="False" />
                <line number="105" hits="28" branch="False" />
                <line number="106" hits="28" branch="False" />
                <line number="107" hits="28" branch="False" />
                <line number="108" hits="28" branch="False" />
                <line number="109" hits="28" branch="False" />
                <line number="110" hits="28" branch="False" />
                <line number="111" hits="28" branch="False" />
                <line number="112" hits="28" branch="False" />
                <line number="113" hits="28" branch="False" />
                <line number="114" hits="28" branch="False" />
              </lines>
            </method>
          </methods>
          <lines>
            <line number="116" hits="4" branch="False" />
            <line number="119" hits="9" branch="False" />
            <line number="120" hits="9" branch="True" condition-coverage="100% (4/4)">
              <conditions>
                <condition number="7" type="jump" coverage="100%" />
                <condition number="23" type="jump" coverage="100%" />
              </conditions>
            </line>
            <line number="121" hits="1" branch="False" />
            <line number="122" hits="1" branch="False" />
            <line number="125" hits="8" branch="True" condition-coverage="83.33% (5/6)">
              <conditions>
                <condition number="43" type="jump" coverage="100%" />
                <condition number="56" type="jump" coverage="50%" />
                <condition number="83" type="jump" coverage="100%" />
              </conditions>
            </line>
            <line number="126" hits="2" branch="False" />
            <line number="127" hits="2" branch="False" />
            <line number="130" hits="6" branch="True" condition-coverage="100% (4/4)">
              <conditions>
                <condition number="103" type="jump" coverage="100%" />
                <condition number="121" type="jump" coverage="100%" />
              </conditions>
            </line>
            <line number="131" hits="1" branch="False" />
            <line number="132" hits="1" branch="False" />
            <line number="135" hits="5" branch="True" condition-coverage="100% (2/2)">
              <conditions>
                <condition number="149" type="jump" coverage="100%" />
              </conditions>
            </line>
            <line number="136" hits="1" branch="False" />
            <line number="137" hits="1" branch="False" />
            <line number="140" hits="4" branch="True" condition-coverage="100% (4/4)">
              <conditions>
                <condition number="170" type="jump" coverage="100%" />
                <condition number="192" type="jump" coverage="100%" />
              </conditions>
            </line>
            <line number="141" hits="2" branch="False" />
            <line number="142" hits="2" branch="False" />
            <line number="144" hits="2" branch="False" />
            <line number="8" hits="28" branch="False" />
            <line number="11" hits="28" branch="False" />
            <line number="14" hits="28" branch="False" />
            <line number="17" hits="28" branch="False" />
            <line number="23" hits="28" branch="False" />
            <line number="26" hits="28" branch="False" />
            <line number="29" hits="28" branch="False" />
            <line number="32" hits="28" branch="False" />
            <line number="35" hits="28" branch="False" />
            <line number="38" hits="28" branch="False" />
            <line number="41" hits="28" branch="False" />
            <line number="44" hits="28" branch="False" />
            <line number="47" hits="28" branch="False" />
            <line number="50" hits="28" branch="False" />
            <line number="53" hits="28" branch="False" />
            <line number="56" hits="28" branch="False" />
            <line number="59" hits="28" branch="False" />
            <line number="62" hits="28" branch="False" />
            <line number="65" hits="28" branch="False" />
            <line number="68" hits="28" branch="False" />
            <line number="71" hits="28" branch="False" />
            <line number="74" hits="28" branch="False" />
            <line number="75" hits="28" branch="False" />
            <line number="76" hits="28" branch="False" />
            <line number="77" hits="28" branch="False" />
            <line number="78" hits="28" branch="False" />
            <line number="79" hits="28" branch="False" />
            <line number="80" hits="28" branch="False" />
            <line number="81" hits="28" branch="False" />
            <line number="82" hits="28" branch="False" />
            <line number="83" hits="28" branch="False" />
            <line number="84" hits="28" branch="False" />
            <line number="85" hits="28" branch="False" />
            <line number="86" hits="28" branch="False" />
            <line number="87" hits="28" branch="False" />
            <line number="88" hits="28" branch="False" />
            <line number="89" hits="28" branch="False" />
            <line number="90" hits="28" branch="False" />
            <line number="91" hits="28" branch="False" />
            <line number="92" hits="28" branch="False" />
            <line number="93" hits="28" branch="False" />
            <line number="94" hits="28" branch="False" />
            <line number="95" hits="28" branch="False" />
            <line number="96" hits="28" branch="False" />
            <line number="97" hits="28" branch="False" />
            <line number="100" hits="28" branch="False" />
            <line number="101" hits="28" branch="False" />
            <line number="102" hits="28" branch="False" />
            <line number="103" hits="28" branch="False" />
            <line number="104" hits="28" branch="False" />
            <line number="105" hits="28" branch="False" />
            <line number="106" hits="28" branch="False" />
            <line number="107" hits="28" branch="False" />
            <line number="108" hits="28" branch="False" />
            <line number="109" hits="28" branch="False" />
            <line number="110" hits="28" branch="False" />
            <line number="111" hits="28" branch="False" />
            <line number="112" hits="28" branch="False" />
            <line number="113" hits="28" branch="False" />
            <line number="114" hits="28" branch="False" />
          </lines>
        </class>
        <class name="MailGrabber.Models.ClusteredSenderRow" filename="Models/ClusteredSenderRow.cs" line-rate="1" branch-rate="1" complexity="1">
          <methods>
            <method name=".ctor" signature="()" line-rate="1" branch-rate="1" complexity="1">
              <lines>
                <line number="8" hits="14" branch="False" />
                <line number="11" hits="14" branch="False" />
                <line number="14" hits="14" branch="False" />
                <line number="17" hits="14" branch="False" />
                <line number="20" hits="14" branch="False" />
                <line number="23" hits="14" branch="False" />
                <line number="26" hits="14" branch="False" />
                <line number="41" hits="14" branch="False" />
              </lines>
            </method>
          </methods>
          <lines>
            <line number="8" hits="14" branch="False" />
            <line number="11" hits="14" branch="False" />
            <line number="14" hits="14" branch="False" />
            <line number="17" hits="14" branch="False" />
            <line number="20" hits="14" branch="False" />
            <line number="23" hits="14" branch="False" />
            <line number="26" hits="14" branch="False" />
            <line number="41" hits="14" branch="False" />
          </lines>
        </class>
        <class name="MailGrabber.Models.ClusterReport" filename="Models/ClusterReport.cs" line-rate="1" branch-rate="1" complexity="1">
          <methods>
            <method name=".ctor" signature="()" line-rate="1" branch-rate="1" complexity="1">
              <lines>
                <line number="11" hits="9" branch="False" />
              </lines>
            </method>
          </methods>
          <lines>
            <line number="11" hits="9" branch="False" />
          </lines>
        </class>
        <class name="MailGrabber.Models.ClusterBucket" filename="Models/ClusterReport.cs" line-rate="1" branch-rate="1" complexity="1">
          <methods>
            <method name=".ctor" signature="()" line-rate="1" branch-rate="1" complexity="1">
              <lines>
                <line number="20" hits="10" branch="False" />
                <line number="32" hits="10" branch="False" />
              </lines>
            </method>
          </methods>
          <lines>
            <line number="20" hits="10" branch="False" />
            <line number="32" hits="10" branch="False" />
          </lines>
        </class>
        <class name="MailGrabber.Models.GraphMessagePage" filename="Models/GraphMessageModels.cs" line-rate="1" branch-rate="1" complexity="1">
          <methods>
            <method name=".ctor" signature="()" line-rate="1" branch-rate="1" complexity="1">
              <lines>
                <line number="10" hits="1" branch="False" />
              </lines>
            </method>
          </methods>
          <lines>
            <line number="10" hits="1" branch="False" />
          </lines>
        </class>
        <class name="MailGrabber.Models.MailboxMessage" filename="Models/MailboxMessage.cs" line-rate="1" branch-rate="1" complexity="1">
          <methods>
            <method name=".ctor" signature="()" line-rate="1" branch-rate="1" complexity="1">
              <lines>
                <line number="8" hits="6" branch="False" />
                <line number="11" hits="6" branch="False" />
              </lines>
            </method>
          </methods>
          <lines>
            <line number="8" hits="6" branch="False" />
            <line number="11" hits="6" branch="False" />
          </lines>
        </class>
      </classes>
    </package>
  </packages>
</coverage>